d:\vcmpdeveloping\raknet\release\formatstring.obj
d:\vcmpdeveloping\raknet\release\fileoperations.obj
d:\vcmpdeveloping\raknet\release\filelisttransfer.obj
d:\vcmpdeveloping\raknet\release\filelist.obj
d:\vcmpdeveloping\raknet\release\epochtimetostring.obj
d:\vcmpdeveloping\raknet\release\encodeclassname.obj
d:\vcmpdeveloping\raknet\release\emailsender.obj
d:\vcmpdeveloping\raknet\release\ds_table.obj
d:\vcmpdeveloping\raknet\release\ds_huffmanencodingtree.obj
d:\vcmpdeveloping\raknet\release\ds_bytequeue.obj
d:\vcmpdeveloping\raknet\release\ds_bytepool.obj
d:\vcmpdeveloping\raknet\release\directorydeltatransfer.obj
d:\vcmpdeveloping\raknet\release\datacompressor.obj
d:\vcmpdeveloping\raknet\release\consoleserver.obj
d:\vcmpdeveloping\raknet\release\connectiongraph2.obj
d:\vcmpdeveloping\raknet\release\commandparserinterface.obj
d:\vcmpdeveloping\raknet\release\checksum.obj
d:\vcmpdeveloping\raknet\release\ccraknetudt.obj
d:\vcmpdeveloping\raknet\release\bitstream.obj
d:\vcmpdeveloping\raknet\release\_findfirst.obj
d:\vcmpdeveloping\raknet\release\packetfilelogger.obj
d:\vcmpdeveloping\raknet\release\packetconsolelogger.obj
d:\vcmpdeveloping\raknet\release\networkidobject.obj
d:\vcmpdeveloping\raknet\release\networkidmanager.obj
d:\vcmpdeveloping\raknet\release\nattypedetectionserver.obj
d:\vcmpdeveloping\raknet\release\nattypedetectioncommon.obj
d:\vcmpdeveloping\raknet\release\nattypedetectionclient.obj
d:\vcmpdeveloping\raknet\release\natpunchthroughserver.obj
d:\vcmpdeveloping\raknet\release\natpunchthroughclient.obj
d:\vcmpdeveloping\raknet\release\messagefilter.obj
d:\vcmpdeveloping\raknet\release\logcommandparser.obj
d:\vcmpdeveloping\raknet\release\linuxstrings.obj
d:\vcmpdeveloping\raknet\release\itoa.obj
d:\vcmpdeveloping\raknet\release\incrementalreadinterface.obj
d:\vcmpdeveloping\raknet\release\httpconnection.obj
d:\vcmpdeveloping\raknet\release\gridsectorizer.obj
d:\vcmpdeveloping\raknet\release\gettimeofday.obj
d:\vcmpdeveloping\raknet\release\gettime.obj
d:\vcmpdeveloping\raknet\release\getche.obj
d:\vcmpdeveloping\raknet\release\fullyconnectedmesh2.obj
d:\vcmpdeveloping\raknet\release\rpc4plugin.obj
d:\vcmpdeveloping\raknet\release\router2.obj
d:\vcmpdeveloping\raknet\release\replicamanager3.obj
d:\vcmpdeveloping\raknet\release\reliabilitylayer.obj
d:\vcmpdeveloping\raknet\release\readyevent.obj
d:\vcmpdeveloping\raknet\release\rdlmalloc.obj
d:\vcmpdeveloping\raknet\release\rand.obj
d:\vcmpdeveloping\raknet\release\rakthread.obj
d:\vcmpdeveloping\raknet\release\rakstring.obj
d:\vcmpdeveloping\raknet\release\raksleep.obj
d:\vcmpdeveloping\raknet\release\rakpeer.obj
d:\vcmpdeveloping\raknet\release\raknettypes.obj
d:\vcmpdeveloping\raknet\release\raknettransport2.obj
d:\vcmpdeveloping\raknet\release\raknetstatistics.obj
d:\vcmpdeveloping\raknet\release\raknetsocket.obj
d:\vcmpdeveloping\raknet\release\raknetcommandparser.obj
d:\vcmpdeveloping\raknet\release\rakmemoryoverride.obj
d:\vcmpdeveloping\raknet\release\plugininterface2.obj
d:\vcmpdeveloping\raknet\release\packetlogger.obj
d:\vcmpdeveloping\raknet\release\packetizedtcp.obj
d:\vcmpdeveloping\raknet\release\variablelistdeltatracker.obj
d:\vcmpdeveloping\raknet\release\variabledeltaserializer.obj
d:\vcmpdeveloping\raknet\release\udpproxyserver.obj
d:\vcmpdeveloping\raknet\release\udpproxycoordinator.obj
d:\vcmpdeveloping\raknet\release\udpproxyclient.obj
d:\vcmpdeveloping\raknet\release\udpforwarder.obj
d:\vcmpdeveloping\raknet\release\threadsafepacketlogger.obj
d:\vcmpdeveloping\raknet\release\telnettransport.obj
d:\vcmpdeveloping\raknet\release\teambalancer.obj
d:\vcmpdeveloping\raknet\release\tcpinterface.obj
d:\vcmpdeveloping\raknet\release\tableserializer.obj
d:\vcmpdeveloping\raknet\release\superfasthash.obj
d:\vcmpdeveloping\raknet\release\stringtable.obj
d:\vcmpdeveloping\raknet\release\stringcompressor.obj
d:\vcmpdeveloping\raknet\release\socketlayer.obj
d:\vcmpdeveloping\raknet\release\simplemutex.obj
d:\vcmpdeveloping\raknet\release\signaledevent.obj
d:\vcmpdeveloping\raknet\release\sha1.obj
d:\vcmpdeveloping\raknet\release\sendtothread.obj
d:\vcmpdeveloping\raknet\release\securehandshake.obj
d:\vcmpdeveloping\raknet\release\wsastartupsingleton.obj
d:\vcmpdeveloping\raknet\release\variadicsqlparser.obj
d:\vcmpdeveloping\raknet\release\vc100.pdb
d:\vcmpdeveloping\release\raknet.lib
d:\vcmpdeveloping\raknet\release\cl.command.1.tlog
d:\vcmpdeveloping\raknet\release\cl.read.1.tlog
d:\vcmpdeveloping\raknet\release\cl.write.1.tlog
d:\vcmpdeveloping\raknet\release\lib-link.read.1.tlog
d:\vcmpdeveloping\raknet\release\lib-link.write.1.tlog
d:\vcmpdeveloping\raknet\release\lib.command.1.tlog
d:\vcmpdeveloping\raknet\release\raknet.write.1.tlog
